CRITICAL - 2022-08-04 16:16:09 --> Undefined variable $succes_msg
in APPPATH/Views/pages/add_data.php on line 23.
 1 APPPATH/Views/pages/add_data.php(23): CodeIgniter\Debug\Exceptions->errorHandler(2, 'Undefined variable $succes_msg', 'APPPATH/Views/pages/add_data.php', 23)
 2 SYSTEMPATH/View/View.php(213): include('APPPATH/Views/pages/add_data.php')
 3 SYSTEMPATH/View/View.php(216): CodeIgniter\View\View->CodeIgniter\View\{closure}()
 4 SYSTEMPATH/Common.php(1135): CodeIgniter\View\View->render('pages/add_data', [], true)
 5 APPPATH/Controllers/CIcrud.php(70): view('pages/add_data')
 6 SYSTEMPATH/CodeIgniter.php(896): App\Controllers\CIcrud->add_data()
 7 SYSTEMPATH/CodeIgniter.php(466): CodeIgniter\CodeIgniter->runController(Object(App\Controllers\CIcrud))
 8 SYSTEMPATH/CodeIgniter.php(349): CodeIgniter\CodeIgniter->handleRequest(null, Object(Config\Cache), false)
 9 FCPATH/index.php(55): CodeIgniter\CodeIgniter->run()
CRITICAL - 2022-08-04 16:16:16 --> Undefined variable $succes_msg
in APPPATH/Views/pages/add_data.php on line 23.
 1 APPPATH/Views/pages/add_data.php(23): CodeIgniter\Debug\Exceptions->errorHandler(2, 'Undefined variable $succes_msg', 'APPPATH/Views/pages/add_data.php', 23)
 2 SYSTEMPATH/View/View.php(213): include('APPPATH/Views/pages/add_data.php')
 3 SYSTEMPATH/View/View.php(216): CodeIgniter\View\View->CodeIgniter\View\{closure}()
 4 SYSTEMPATH/Common.php(1135): CodeIgniter\View\View->render('pages/add_data', [], true)
 5 APPPATH/Controllers/CIcrud.php(70): view('pages/add_data')
 6 SYSTEMPATH/CodeIgniter.php(896): App\Controllers\CIcrud->add_data()
 7 SYSTEMPATH/CodeIgniter.php(466): CodeIgniter\CodeIgniter->runController(Object(App\Controllers\CIcrud))
 8 SYSTEMPATH/CodeIgniter.php(349): CodeIgniter\CodeIgniter->handleRequest(null, Object(Config\Cache), false)
 9 FCPATH/index.php(55): CodeIgniter\CodeIgniter->run()
CRITICAL - 2022-08-04 16:18:55 --> Undefined variable $succes_msg
in APPPATH/Views/pages/add_data.php on line 23.
 1 APPPATH/Views/pages/add_data.php(23): CodeIgniter\Debug\Exceptions->errorHandler(2, 'Undefined variable $succes_msg', 'APPPATH/Views/pages/add_data.php', 23)
 2 SYSTEMPATH/View/View.php(213): include('APPPATH/Views/pages/add_data.php')
 3 SYSTEMPATH/View/View.php(216): CodeIgniter\View\View->CodeIgniter\View\{closure}()
 4 SYSTEMPATH/Common.php(1135): CodeIgniter\View\View->render('pages/add_data', [], true)
 5 APPPATH/Controllers/CIcrud.php(70): view('pages/add_data')
 6 SYSTEMPATH/CodeIgniter.php(896): App\Controllers\CIcrud->add_data()
 7 SYSTEMPATH/CodeIgniter.php(466): CodeIgniter\CodeIgniter->runController(Object(App\Controllers\CIcrud))
 8 SYSTEMPATH/CodeIgniter.php(349): CodeIgniter\CodeIgniter->handleRequest(null, Object(Config\Cache), false)
 9 FCPATH/index.php(55): CodeIgniter\CodeIgniter->run()
CRITICAL - 2022-08-04 16:18:56 --> Undefined variable $succes_msg
in APPPATH/Views/pages/add_data.php on line 23.
 1 APPPATH/Views/pages/add_data.php(23): CodeIgniter\Debug\Exceptions->errorHandler(2, 'Undefined variable $succes_msg', 'APPPATH/Views/pages/add_data.php', 23)
 2 SYSTEMPATH/View/View.php(213): include('APPPATH/Views/pages/add_data.php')
 3 SYSTEMPATH/View/View.php(216): CodeIgniter\View\View->CodeIgniter\View\{closure}()
 4 SYSTEMPATH/Common.php(1135): CodeIgniter\View\View->render('pages/add_data', [], true)
 5 APPPATH/Controllers/CIcrud.php(70): view('pages/add_data')
 6 SYSTEMPATH/CodeIgniter.php(896): App\Controllers\CIcrud->add_data()
 7 SYSTEMPATH/CodeIgniter.php(466): CodeIgniter\CodeIgniter->runController(Object(App\Controllers\CIcrud))
 8 SYSTEMPATH/CodeIgniter.php(349): CodeIgniter\CodeIgniter->handleRequest(null, Object(Config\Cache), false)
 9 FCPATH/index.php(55): CodeIgniter\CodeIgniter->run()
CRITICAL - 2022-08-04 16:20:56 --> Undefined variable $succes_msg
in APPPATH/Views/pages/add_data.php on line 23.
 1 APPPATH/Views/pages/add_data.php(23): CodeIgniter\Debug\Exceptions->errorHandler(2, 'Undefined variable $succes_msg', 'APPPATH/Views/pages/add_data.php', 23)
 2 SYSTEMPATH/View/View.php(213): include('APPPATH/Views/pages/add_data.php')
 3 SYSTEMPATH/View/View.php(216): CodeIgniter\View\View->CodeIgniter\View\{closure}()
 4 SYSTEMPATH/Common.php(1135): CodeIgniter\View\View->render('pages/add_data', [], true)
 5 APPPATH/Controllers/CIcrud.php(69): view('pages/add_data')
 6 SYSTEMPATH/CodeIgniter.php(896): App\Controllers\CIcrud->add_data()
 7 SYSTEMPATH/CodeIgniter.php(466): CodeIgniter\CodeIgniter->runController(Object(App\Controllers\CIcrud))
 8 SYSTEMPATH/CodeIgniter.php(349): CodeIgniter\CodeIgniter->handleRequest(null, Object(Config\Cache), false)
 9 FCPATH/index.php(55): CodeIgniter\CodeIgniter->run()
CRITICAL - 2022-08-04 16:22:21 --> Undefined variable $succes_msg
in APPPATH/Views/pages/add_data.php on line 23.
 1 APPPATH/Views/pages/add_data.php(23): CodeIgniter\Debug\Exceptions->errorHandler(2, 'Undefined variable $succes_msg', 'APPPATH/Views/pages/add_data.php', 23)
 2 SYSTEMPATH/View/View.php(213): include('APPPATH/Views/pages/add_data.php')
 3 SYSTEMPATH/View/View.php(216): CodeIgniter\View\View->CodeIgniter\View\{closure}()
 4 SYSTEMPATH/Common.php(1135): CodeIgniter\View\View->render('pages/add_data', [], true)
 5 APPPATH/Controllers/CIcrud.php(69): view('pages/add_data')
 6 SYSTEMPATH/CodeIgniter.php(896): App\Controllers\CIcrud->add_data()
 7 SYSTEMPATH/CodeIgniter.php(466): CodeIgniter\CodeIgniter->runController(Object(App\Controllers\CIcrud))
 8 SYSTEMPATH/CodeIgniter.php(349): CodeIgniter\CodeIgniter->handleRequest(null, Object(Config\Cache), false)
 9 FCPATH/index.php(55): CodeIgniter\CodeIgniter->run()
CRITICAL - 2022-08-04 16:23:28 --> Undefined variable $succes_msg
in APPPATH/Views/pages/add_data.php on line 23.
 1 APPPATH/Views/pages/add_data.php(23): CodeIgniter\Debug\Exceptions->errorHandler(2, 'Undefined variable $succes_msg', 'APPPATH/Views/pages/add_data.php', 23)
 2 SYSTEMPATH/View/View.php(213): include('APPPATH/Views/pages/add_data.php')
 3 SYSTEMPATH/View/View.php(216): CodeIgniter\View\View->CodeIgniter\View\{closure}()
 4 SYSTEMPATH/Common.php(1135): CodeIgniter\View\View->render('pages/add_data', [], true)
 5 APPPATH/Controllers/CIcrud.php(65): view('pages/add_data')
 6 SYSTEMPATH/CodeIgniter.php(896): App\Controllers\CIcrud->add_data()
 7 SYSTEMPATH/CodeIgniter.php(466): CodeIgniter\CodeIgniter->runController(Object(App\Controllers\CIcrud))
 8 SYSTEMPATH/CodeIgniter.php(349): CodeIgniter\CodeIgniter->handleRequest(null, Object(Config\Cache), false)
 9 FCPATH/index.php(55): CodeIgniter\CodeIgniter->run()
CRITICAL - 2022-08-04 16:23:51 --> Undefined variable $succes_msg
in APPPATH/Views/pages/add_data.php on line 23.
 1 APPPATH/Views/pages/add_data.php(23): CodeIgniter\Debug\Exceptions->errorHandler(2, 'Undefined variable $succes_msg', 'APPPATH/Views/pages/add_data.php', 23)
 2 SYSTEMPATH/View/View.php(213): include('APPPATH/Views/pages/add_data.php')
 3 SYSTEMPATH/View/View.php(216): CodeIgniter\View\View->CodeIgniter\View\{closure}()
 4 SYSTEMPATH/Common.php(1135): CodeIgniter\View\View->render('pages/add_data', [], true)
 5 APPPATH/Controllers/CIcrud.php(64): view('pages/add_data')
 6 SYSTEMPATH/CodeIgniter.php(896): App\Controllers\CIcrud->add_data()
 7 SYSTEMPATH/CodeIgniter.php(466): CodeIgniter\CodeIgniter->runController(Object(App\Controllers\CIcrud))
 8 SYSTEMPATH/CodeIgniter.php(349): CodeIgniter\CodeIgniter->handleRequest(null, Object(Config\Cache), false)
 9 FCPATH/index.php(55): CodeIgniter\CodeIgniter->run()
CRITICAL - 2022-08-04 16:23:51 --> Undefined variable $succes_msg
in APPPATH/Views/pages/add_data.php on line 23.
 1 APPPATH/Views/pages/add_data.php(23): CodeIgniter\Debug\Exceptions->errorHandler(2, 'Undefined variable $succes_msg', 'APPPATH/Views/pages/add_data.php', 23)
 2 SYSTEMPATH/View/View.php(213): include('APPPATH/Views/pages/add_data.php')
 3 SYSTEMPATH/View/View.php(216): CodeIgniter\View\View->CodeIgniter\View\{closure}()
 4 SYSTEMPATH/Common.php(1135): CodeIgniter\View\View->render('pages/add_data', [], true)
 5 APPPATH/Controllers/CIcrud.php(64): view('pages/add_data')
 6 SYSTEMPATH/CodeIgniter.php(896): App\Controllers\CIcrud->add_data()
 7 SYSTEMPATH/CodeIgniter.php(466): CodeIgniter\CodeIgniter->runController(Object(App\Controllers\CIcrud))
 8 SYSTEMPATH/CodeIgniter.php(349): CodeIgniter\CodeIgniter->handleRequest(null, Object(Config\Cache), false)
 9 FCPATH/index.php(55): CodeIgniter\CodeIgniter->run()
CRITICAL - 2022-08-04 16:24:14 --> Undefined variable $succes_msg
in APPPATH/Views/pages/add_data.php on line 23.
 1 APPPATH/Views/pages/add_data.php(23): CodeIgniter\Debug\Exceptions->errorHandler(2, 'Undefined variable $succes_msg', 'APPPATH/Views/pages/add_data.php', 23)
 2 SYSTEMPATH/View/View.php(213): include('APPPATH/Views/pages/add_data.php')
 3 SYSTEMPATH/View/View.php(216): CodeIgniter\View\View->CodeIgniter\View\{closure}()
 4 SYSTEMPATH/Common.php(1135): CodeIgniter\View\View->render('pages/add_data', [], true)
 5 APPPATH/Controllers/CIcrud.php(63): view('pages/add_data')
 6 SYSTEMPATH/CodeIgniter.php(896): App\Controllers\CIcrud->add_data()
 7 SYSTEMPATH/CodeIgniter.php(466): CodeIgniter\CodeIgniter->runController(Object(App\Controllers\CIcrud))
 8 SYSTEMPATH/CodeIgniter.php(349): CodeIgniter\CodeIgniter->handleRequest(null, Object(Config\Cache), false)
 9 FCPATH/index.php(55): CodeIgniter\CodeIgniter->run()
CRITICAL - 2022-08-04 16:25:33 --> Undefined variable $succes_msg
in APPPATH/Views/pages/add_data.php on line 23.
 1 APPPATH/Views/pages/add_data.php(23): CodeIgniter\Debug\Exceptions->errorHandler(2, 'Undefined variable $succes_msg', 'APPPATH/Views/pages/add_data.php', 23)
 2 SYSTEMPATH/View/View.php(213): include('APPPATH/Views/pages/add_data.php')
 3 SYSTEMPATH/View/View.php(216): CodeIgniter\View\View->CodeIgniter\View\{closure}()
 4 SYSTEMPATH/Common.php(1135): CodeIgniter\View\View->render('pages/add_data', [], true)
 5 APPPATH/Controllers/CIcrud.php(64): view('pages/add_data')
 6 SYSTEMPATH/CodeIgniter.php(896): App\Controllers\CIcrud->add_data()
 7 SYSTEMPATH/CodeIgniter.php(466): CodeIgniter\CodeIgniter->runController(Object(App\Controllers\CIcrud))
 8 SYSTEMPATH/CodeIgniter.php(349): CodeIgniter\CodeIgniter->handleRequest(null, Object(Config\Cache), false)
 9 FCPATH/index.php(55): CodeIgniter\CodeIgniter->run()
CRITICAL - 2022-08-04 16:25:40 --> Undefined variable $succes_msg
in APPPATH/Views/pages/add_data.php on line 23.
 1 APPPATH/Views/pages/add_data.php(23): CodeIgniter\Debug\Exceptions->errorHandler(2, 'Undefined variable $succes_msg', 'APPPATH/Views/pages/add_data.php', 23)
 2 SYSTEMPATH/View/View.php(213): include('APPPATH/Views/pages/add_data.php')
 3 SYSTEMPATH/View/View.php(216): CodeIgniter\View\View->CodeIgniter\View\{closure}()
 4 SYSTEMPATH/Common.php(1135): CodeIgniter\View\View->render('pages/add_data', [], true)
 5 APPPATH/Controllers/CIcrud.php(64): view('pages/add_data')
 6 SYSTEMPATH/CodeIgniter.php(896): App\Controllers\CIcrud->add_data()
 7 SYSTEMPATH/CodeIgniter.php(466): CodeIgniter\CodeIgniter->runController(Object(App\Controllers\CIcrud))
 8 SYSTEMPATH/CodeIgniter.php(349): CodeIgniter\CodeIgniter->handleRequest(null, Object(Config\Cache), false)
 9 FCPATH/index.php(55): CodeIgniter\CodeIgniter->run()
CRITICAL - 2022-08-04 16:25:53 --> Undefined variable $succes_msg
in APPPATH/Views/pages/add_data.php on line 23.
 1 APPPATH/Views/pages/add_data.php(23): CodeIgniter\Debug\Exceptions->errorHandler(2, 'Undefined variable $succes_msg', 'APPPATH/Views/pages/add_data.php', 23)
 2 SYSTEMPATH/View/View.php(213): include('APPPATH/Views/pages/add_data.php')
 3 SYSTEMPATH/View/View.php(216): CodeIgniter\View\View->CodeIgniter\View\{closure}()
 4 SYSTEMPATH/Common.php(1135): CodeIgniter\View\View->render('pages/add_data', [], true)
 5 APPPATH/Controllers/CIcrud.php(64): view('pages/add_data')
 6 SYSTEMPATH/CodeIgniter.php(896): App\Controllers\CIcrud->add_data()
 7 SYSTEMPATH/CodeIgniter.php(466): CodeIgniter\CodeIgniter->runController(Object(App\Controllers\CIcrud))
 8 SYSTEMPATH/CodeIgniter.php(349): CodeIgniter\CodeIgniter->handleRequest(null, Object(Config\Cache), false)
 9 FCPATH/index.php(55): CodeIgniter\CodeIgniter->run()
CRITICAL - 2022-08-04 16:26:15 --> Undefined variable $succes_msg
in APPPATH/Views/pages/add_data.php on line 23.
 1 APPPATH/Views/pages/add_data.php(23): CodeIgniter\Debug\Exceptions->errorHandler(2, 'Undefined variable $succes_msg', 'APPPATH/Views/pages/add_data.php', 23)
 2 SYSTEMPATH/View/View.php(213): include('APPPATH/Views/pages/add_data.php')
 3 SYSTEMPATH/View/View.php(216): CodeIgniter\View\View->CodeIgniter\View\{closure}()
 4 SYSTEMPATH/Common.php(1135): CodeIgniter\View\View->render('pages/add_data', [], true)
 5 APPPATH/Controllers/CIcrud.php(59): view('pages/add_data')
 6 SYSTEMPATH/CodeIgniter.php(896): App\Controllers\CIcrud->add_data()
 7 SYSTEMPATH/CodeIgniter.php(466): CodeIgniter\CodeIgniter->runController(Object(App\Controllers\CIcrud))
 8 SYSTEMPATH/CodeIgniter.php(349): CodeIgniter\CodeIgniter->handleRequest(null, Object(Config\Cache), false)
 9 FCPATH/index.php(55): CodeIgniter\CodeIgniter->run()
CRITICAL - 2022-08-04 16:26:18 --> Undefined variable $succes_msg
in APPPATH/Views/pages/add_data.php on line 23.
 1 APPPATH/Views/pages/add_data.php(23): CodeIgniter\Debug\Exceptions->errorHandler(2, 'Undefined variable $succes_msg', 'APPPATH/Views/pages/add_data.php', 23)
 2 SYSTEMPATH/View/View.php(213): include('APPPATH/Views/pages/add_data.php')
 3 SYSTEMPATH/View/View.php(216): CodeIgniter\View\View->CodeIgniter\View\{closure}()
 4 SYSTEMPATH/Common.php(1135): CodeIgniter\View\View->render('pages/add_data', [], true)
 5 APPPATH/Controllers/CIcrud.php(59): view('pages/add_data')
 6 SYSTEMPATH/CodeIgniter.php(896): App\Controllers\CIcrud->add_data()
 7 SYSTEMPATH/CodeIgniter.php(466): CodeIgniter\CodeIgniter->runController(Object(App\Controllers\CIcrud))
 8 SYSTEMPATH/CodeIgniter.php(349): CodeIgniter\CodeIgniter->handleRequest(null, Object(Config\Cache), false)
 9 FCPATH/index.php(55): CodeIgniter\CodeIgniter->run()
CRITICAL - 2022-08-04 16:26:27 --> Undefined variable $succes_msg
in APPPATH/Views/pages/add_data.php on line 23.
 1 APPPATH/Views/pages/add_data.php(23): CodeIgniter\Debug\Exceptions->errorHandler(2, 'Undefined variable $succes_msg', 'APPPATH/Views/pages/add_data.php', 23)
 2 SYSTEMPATH/View/View.php(213): include('APPPATH/Views/pages/add_data.php')
 3 SYSTEMPATH/View/View.php(216): CodeIgniter\View\View->CodeIgniter\View\{closure}()
 4 SYSTEMPATH/Common.php(1135): CodeIgniter\View\View->render('pages/add_data', [], true)
 5 APPPATH/Controllers/CIcrud.php(59): view('pages/add_data')
 6 SYSTEMPATH/CodeIgniter.php(896): App\Controllers\CIcrud->add_data()
 7 SYSTEMPATH/CodeIgniter.php(466): CodeIgniter\CodeIgniter->runController(Object(App\Controllers\CIcrud))
 8 SYSTEMPATH/CodeIgniter.php(349): CodeIgniter\CodeIgniter->handleRequest(null, Object(Config\Cache), false)
 9 FCPATH/index.php(55): CodeIgniter\CodeIgniter->run()
CRITICAL - 2022-08-04 16:26:57 --> Undefined variable $succes_msg
in APPPATH/Views/pages/add_data.php on line 23.
 1 APPPATH/Views/pages/add_data.php(23): CodeIgniter\Debug\Exceptions->errorHandler(2, 'Undefined variable $succes_msg', 'APPPATH/Views/pages/add_data.php', 23)
 2 SYSTEMPATH/View/View.php(213): include('APPPATH/Views/pages/add_data.php')
 3 SYSTEMPATH/View/View.php(216): CodeIgniter\View\View->CodeIgniter\View\{closure}()
 4 SYSTEMPATH/Common.php(1135): CodeIgniter\View\View->render('pages/add_data', [], true)
 5 APPPATH/Controllers/CIcrud.php(59): view('pages/add_data')
 6 SYSTEMPATH/CodeIgniter.php(896): App\Controllers\CIcrud->add_data()
 7 SYSTEMPATH/CodeIgniter.php(466): CodeIgniter\CodeIgniter->runController(Object(App\Controllers\CIcrud))
 8 SYSTEMPATH/CodeIgniter.php(349): CodeIgniter\CodeIgniter->handleRequest(null, Object(Config\Cache), false)
 9 FCPATH/index.php(55): CodeIgniter\CodeIgniter->run()
CRITICAL - 2022-08-04 16:27:24 --> Undefined variable $succes_msg
in APPPATH/Views/pages/add_data.php on line 23.
 1 APPPATH/Views/pages/add_data.php(23): CodeIgniter\Debug\Exceptions->errorHandler(2, 'Undefined variable $succes_msg', 'APPPATH/Views/pages/add_data.php', 23)
 2 SYSTEMPATH/View/View.php(213): include('APPPATH/Views/pages/add_data.php')
 3 SYSTEMPATH/View/View.php(216): CodeIgniter\View\View->CodeIgniter\View\{closure}()
 4 SYSTEMPATH/Common.php(1135): CodeIgniter\View\View->render('pages/add_data', [], true)
 5 APPPATH/Controllers/CIcrud.php(59): view('pages/add_data')
 6 SYSTEMPATH/CodeIgniter.php(896): App\Controllers\CIcrud->add_data()
 7 SYSTEMPATH/CodeIgniter.php(466): CodeIgniter\CodeIgniter->runController(Object(App\Controllers\CIcrud))
 8 SYSTEMPATH/CodeIgniter.php(349): CodeIgniter\CodeIgniter->handleRequest(null, Object(Config\Cache), false)
 9 FCPATH/index.php(55): CodeIgniter\CodeIgniter->run()
CRITICAL - 2022-08-04 16:29:28 --> Undefined variable $succes_msg
in APPPATH/Views/pages/add_data.php on line 23.
 1 APPPATH/Views/pages/add_data.php(23): CodeIgniter\Debug\Exceptions->errorHandler(2, 'Undefined variable $succes_msg', 'APPPATH/Views/pages/add_data.php', 23)
 2 SYSTEMPATH/View/View.php(213): include('APPPATH/Views/pages/add_data.php')
 3 SYSTEMPATH/View/View.php(216): CodeIgniter\View\View->CodeIgniter\View\{closure}()
 4 SYSTEMPATH/Common.php(1135): CodeIgniter\View\View->render('pages/add_data', [], true)
 5 APPPATH/Controllers/CIcrud.php(67): view('pages/add_data')
 6 SYSTEMPATH/CodeIgniter.php(896): App\Controllers\CIcrud->add_data()
 7 SYSTEMPATH/CodeIgniter.php(466): CodeIgniter\CodeIgniter->runController(Object(App\Controllers\CIcrud))
 8 SYSTEMPATH/CodeIgniter.php(349): CodeIgniter\CodeIgniter->handleRequest(null, Object(Config\Cache), false)
 9 FCPATH/index.php(55): CodeIgniter\CodeIgniter->run()
CRITICAL - 2022-08-04 16:29:33 --> Undefined variable $title
in APPPATH/Views/pages/add_data.php on line 23.
 1 APPPATH/Views/pages/add_data.php(23): CodeIgniter\Debug\Exceptions->errorHandler(2, 'Undefined variable $title', 'APPPATH/Views/pages/add_data.php', 23)
 2 SYSTEMPATH/View/View.php(213): include('APPPATH/Views/pages/add_data.php')
 3 SYSTEMPATH/View/View.php(216): CodeIgniter\View\View->CodeIgniter\View\{closure}()
 4 SYSTEMPATH/Common.php(1135): CodeIgniter\View\View->render('pages/add_data', [], true)
 5 APPPATH/Controllers/CIcrud.php(67): view('pages/add_data')
 6 SYSTEMPATH/CodeIgniter.php(896): App\Controllers\CIcrud->add_data()
 7 SYSTEMPATH/CodeIgniter.php(466): CodeIgniter\CodeIgniter->runController(Object(App\Controllers\CIcrud))
 8 SYSTEMPATH/CodeIgniter.php(349): CodeIgniter\CodeIgniter->handleRequest(null, Object(Config\Cache), false)
 9 FCPATH/index.php(55): CodeIgniter\CodeIgniter->run()
