ERROR - 2022-08-07 06:44:42 --> Column 'p_name' cannot be null
CRITICAL - 2022-08-07 06:44:42 --> Column 'p_name' cannot be null
in SYSTEMPATH/Database/MySQLi/Connection.php on line 292.
 1 SYSTEMPATH/Database/MySQLi/Connection.php(292): mysqli->query('INSERT INTO `person` (`p_name`, `p_age`, `p_sex`, `cell_no`, `email_id`) VALUES (NULL, NULL, NULL, NULL, NULL)', 0)
 2 SYSTEMPATH/Database/BaseConnection.php(695): CodeIgniter\Database\MySQLi\Connection->execute('INSERT INTO `person` (`p_name`, `p_age`, `p_sex`, `cell_no`, `email_id`) VALUES (NULL, NULL, NULL, NULL, NULL)')
 3 SYSTEMPATH/Database/BaseConnection.php(609): CodeIgniter\Database\BaseConnection->simpleQuery('INSERT INTO `person` (`p_name`, `p_age`, `p_sex`, `cell_no`, `email_id`) VALUES (NULL, NULL, NULL, NULL, NULL)')
 4 SYSTEMPATH/Database/BaseBuilder.php(1904): CodeIgniter\Database\BaseConnection->query('INSERT INTO `person` (`p_name`, `p_age`, `p_sex`, `cell_no`, `email_id`) VALUES (:p_name:, :p_age:, :p_sex:, :cell_no:, :email_id:)', [...], false)
 5 SYSTEMPATH/Model.php(278): CodeIgniter\Database\BaseBuilder->insert()
 6 SYSTEMPATH/BaseModel.php(738): CodeIgniter\Model->doInsert([...])
 7 SYSTEMPATH/Model.php(666): CodeIgniter\BaseModel->insert([...], false)
 8 SYSTEMPATH/BaseModel.php(658): CodeIgniter\Model->insert([...], false)
 9 APPPATH/Controllers/CIcrud.php(52): CodeIgniter\BaseModel->save([...])
10 SYSTEMPATH/CodeIgniter.php(896): App\Controllers\CIcrud->add_data()
11 SYSTEMPATH/CodeIgniter.php(466): CodeIgniter\CodeIgniter->runController(Object(App\Controllers\CIcrud))
12 SYSTEMPATH/CodeIgniter.php(349): CodeIgniter\CodeIgniter->handleRequest(null, Object(Config\Cache), false)
13 FCPATH/index.php(55): CodeIgniter\CodeIgniter->run()
ERROR - 2022-08-07 06:44:43 --> Column 'p_name' cannot be null
CRITICAL - 2022-08-07 06:44:43 --> Column 'p_name' cannot be null
in SYSTEMPATH/Database/MySQLi/Connection.php on line 292.
 1 SYSTEMPATH/Database/MySQLi/Connection.php(292): mysqli->query('INSERT INTO `person` (`p_name`, `p_age`, `p_sex`, `cell_no`, `email_id`) VALUES (NULL, NULL, NULL, NULL, NULL)', 0)
 2 SYSTEMPATH/Database/BaseConnection.php(695): CodeIgniter\Database\MySQLi\Connection->execute('INSERT INTO `person` (`p_name`, `p_age`, `p_sex`, `cell_no`, `email_id`) VALUES (NULL, NULL, NULL, NULL, NULL)')
 3 SYSTEMPATH/Database/BaseConnection.php(609): CodeIgniter\Database\BaseConnection->simpleQuery('INSERT INTO `person` (`p_name`, `p_age`, `p_sex`, `cell_no`, `email_id`) VALUES (NULL, NULL, NULL, NULL, NULL)')
 4 SYSTEMPATH/Database/BaseBuilder.php(1904): CodeIgniter\Database\BaseConnection->query('INSERT INTO `person` (`p_name`, `p_age`, `p_sex`, `cell_no`, `email_id`) VALUES (:p_name:, :p_age:, :p_sex:, :cell_no:, :email_id:)', [...], false)
 5 SYSTEMPATH/Model.php(278): CodeIgniter\Database\BaseBuilder->insert()
 6 SYSTEMPATH/BaseModel.php(738): CodeIgniter\Model->doInsert([...])
 7 SYSTEMPATH/Model.php(666): CodeIgniter\BaseModel->insert([...], false)
 8 SYSTEMPATH/BaseModel.php(658): CodeIgniter\Model->insert([...], false)
 9 APPPATH/Controllers/CIcrud.php(52): CodeIgniter\BaseModel->save([...])
10 SYSTEMPATH/CodeIgniter.php(896): App\Controllers\CIcrud->add_data()
11 SYSTEMPATH/CodeIgniter.php(466): CodeIgniter\CodeIgniter->runController(Object(App\Controllers\CIcrud))
12 SYSTEMPATH/CodeIgniter.php(349): CodeIgniter\CodeIgniter->handleRequest(null, Object(Config\Cache), false)
13 FCPATH/index.php(55): CodeIgniter\CodeIgniter->run()
CRITICAL - 2022-08-07 07:06:35 --> Undefined array key "name"
in APPPATH/Views/pages/display_data.php on line 38.
 1 APPPATH/Views/pages/display_data.php(38): CodeIgniter\Debug\Exceptions->errorHandler(2, 'Undefined array key "name"', 'APPPATH/Views/pages/display_data.php', 38)
 2 SYSTEMPATH/View/View.php(213): include('APPPATH/Views/pages/display_data.php')
 3 SYSTEMPATH/View/View.php(216): CodeIgniter\View\View->CodeIgniter\View\{closure}()
 4 SYSTEMPATH/Common.php(1135): CodeIgniter\View\View->render('pages/display_data', [], true)
 5 APPPATH/Controllers/CIcrud.php(23): view('pages/display_data', [...])
 6 SYSTEMPATH/CodeIgniter.php(896): App\Controllers\CIcrud->view_data()
 7 SYSTEMPATH/CodeIgniter.php(466): CodeIgniter\CodeIgniter->runController(Object(App\Controllers\CIcrud))
 8 SYSTEMPATH/CodeIgniter.php(349): CodeIgniter\CodeIgniter->handleRequest(null, Object(Config\Cache), false)
 9 FCPATH/index.php(55): CodeIgniter\CodeIgniter->run()
ERROR - 2022-08-07 07:28:29 --> Unknown column 'person.id' in 'where clause'
CRITICAL - 2022-08-07 07:28:29 --> Unknown column 'person.id' in 'where clause'
in SYSTEMPATH/Database/MySQLi/Connection.php on line 292.
 1 SYSTEMPATH/Database/MySQLi/Connection.php(292): mysqli->query('SELECT *
FROM `person`
WHERE `person`.`id` = \'serial_no\'', 0)
 2 SYSTEMPATH/Database/BaseConnection.php(695): CodeIgniter\Database\MySQLi\Connection->execute('SELECT *
FROM `person`
WHERE `person`.`id` = \'serial_no\'')
 3 SYSTEMPATH/Database/BaseConnection.php(609): CodeIgniter\Database\BaseConnection->simpleQuery('SELECT *
FROM `person`
WHERE `person`.`id` = \'serial_no\'')
 4 SYSTEMPATH/Database/BaseBuilder.php(1585): CodeIgniter\Database\BaseConnection->query('SELECT *
FROM `person`
WHERE `person`.`id` = :person.id:', [...], false)
 5 SYSTEMPATH/Model.php(181): CodeIgniter\Database\BaseBuilder->get()
 6 SYSTEMPATH/BaseModel.php(523): CodeIgniter\Model->doFind(true, 'serial_no')
 7 APPPATH/Controllers/CIcrud.php(75): CodeIgniter\BaseModel->find('serial_no')
 8 SYSTEMPATH/CodeIgniter.php(896): App\Controllers\CIcrud->edit_data('1')
 9 SYSTEMPATH/CodeIgniter.php(466): CodeIgniter\CodeIgniter->runController(Object(App\Controllers\CIcrud))
10 SYSTEMPATH/CodeIgniter.php(349): CodeIgniter\CodeIgniter->handleRequest(null, Object(Config\Cache), false)
11 FCPATH/index.php(55): CodeIgniter\CodeIgniter->run()
ERROR - 2022-08-07 07:28:33 --> Unknown column 'person.id' in 'where clause'
CRITICAL - 2022-08-07 07:28:33 --> Unknown column 'person.id' in 'where clause'
in SYSTEMPATH/Database/MySQLi/Connection.php on line 292.
 1 SYSTEMPATH/Database/MySQLi/Connection.php(292): mysqli->query('SELECT *
FROM `person`
WHERE `person`.`id` = \'serial_no\'', 0)
 2 SYSTEMPATH/Database/BaseConnection.php(695): CodeIgniter\Database\MySQLi\Connection->execute('SELECT *
FROM `person`
WHERE `person`.`id` = \'serial_no\'')
 3 SYSTEMPATH/Database/BaseConnection.php(609): CodeIgniter\Database\BaseConnection->simpleQuery('SELECT *
FROM `person`
WHERE `person`.`id` = \'serial_no\'')
 4 SYSTEMPATH/Database/BaseBuilder.php(1585): CodeIgniter\Database\BaseConnection->query('SELECT *
FROM `person`
WHERE `person`.`id` = :person.id:', [...], false)
 5 SYSTEMPATH/Model.php(181): CodeIgniter\Database\BaseBuilder->get()
 6 SYSTEMPATH/BaseModel.php(523): CodeIgniter\Model->doFind(true, 'serial_no')
 7 APPPATH/Controllers/CIcrud.php(75): CodeIgniter\BaseModel->find('serial_no')
 8 SYSTEMPATH/CodeIgniter.php(896): App\Controllers\CIcrud->edit_data('1')
 9 SYSTEMPATH/CodeIgniter.php(466): CodeIgniter\CodeIgniter->runController(Object(App\Controllers\CIcrud))
10 SYSTEMPATH/CodeIgniter.php(349): CodeIgniter\CodeIgniter->handleRequest(null, Object(Config\Cache), false)
11 FCPATH/index.php(55): CodeIgniter\CodeIgniter->run()
ERROR - 2022-08-07 07:28:45 --> Unknown column 'person.id' in 'where clause'
CRITICAL - 2022-08-07 07:28:45 --> Unknown column 'person.id' in 'where clause'
in SYSTEMPATH/Database/MySQLi/Connection.php on line 292.
 1 SYSTEMPATH/Database/MySQLi/Connection.php(292): mysqli->query('SELECT *
FROM `person`
WHERE `person`.`id` = \'serial_no\'', 0)
 2 SYSTEMPATH/Database/BaseConnection.php(695): CodeIgniter\Database\MySQLi\Connection->execute('SELECT *
FROM `person`
WHERE `person`.`id` = \'serial_no\'')
 3 SYSTEMPATH/Database/BaseConnection.php(609): CodeIgniter\Database\BaseConnection->simpleQuery('SELECT *
FROM `person`
WHERE `person`.`id` = \'serial_no\'')
 4 SYSTEMPATH/Database/BaseBuilder.php(1585): CodeIgniter\Database\BaseConnection->query('SELECT *
FROM `person`
WHERE `person`.`id` = :person.id:', [...], false)
 5 SYSTEMPATH/Model.php(181): CodeIgniter\Database\BaseBuilder->get()
 6 SYSTEMPATH/BaseModel.php(523): CodeIgniter\Model->doFind(true, 'serial_no')
 7 APPPATH/Controllers/CIcrud.php(75): CodeIgniter\BaseModel->find('serial_no')
 8 SYSTEMPATH/CodeIgniter.php(896): App\Controllers\CIcrud->edit_data('1')
 9 SYSTEMPATH/CodeIgniter.php(466): CodeIgniter\CodeIgniter->runController(Object(App\Controllers\CIcrud))
10 SYSTEMPATH/CodeIgniter.php(349): CodeIgniter\CodeIgniter->handleRequest(null, Object(Config\Cache), false)
11 FCPATH/index.php(55): CodeIgniter\CodeIgniter->run()
ERROR - 2022-08-07 07:28:49 --> Unknown column 'person.id' in 'where clause'
CRITICAL - 2022-08-07 07:28:49 --> Unknown column 'person.id' in 'where clause'
in SYSTEMPATH/Database/MySQLi/Connection.php on line 292.
 1 SYSTEMPATH/Database/MySQLi/Connection.php(292): mysqli->query('SELECT *
FROM `person`
WHERE `person`.`id` = \'serial_no\'', 0)
 2 SYSTEMPATH/Database/BaseConnection.php(695): CodeIgniter\Database\MySQLi\Connection->execute('SELECT *
FROM `person`
WHERE `person`.`id` = \'serial_no\'')
 3 SYSTEMPATH/Database/BaseConnection.php(609): CodeIgniter\Database\BaseConnection->simpleQuery('SELECT *
FROM `person`
WHERE `person`.`id` = \'serial_no\'')
 4 SYSTEMPATH/Database/BaseBuilder.php(1585): CodeIgniter\Database\BaseConnection->query('SELECT *
FROM `person`
WHERE `person`.`id` = :person.id:', [...], false)
 5 SYSTEMPATH/Model.php(181): CodeIgniter\Database\BaseBuilder->get()
 6 SYSTEMPATH/BaseModel.php(523): CodeIgniter\Model->doFind(true, 'serial_no')
 7 APPPATH/Controllers/CIcrud.php(75): CodeIgniter\BaseModel->find('serial_no')
 8 SYSTEMPATH/CodeIgniter.php(896): App\Controllers\CIcrud->edit_data('1')
 9 SYSTEMPATH/CodeIgniter.php(466): CodeIgniter\CodeIgniter->runController(Object(App\Controllers\CIcrud))
10 SYSTEMPATH/CodeIgniter.php(349): CodeIgniter\CodeIgniter->handleRequest(null, Object(Config\Cache), false)
11 FCPATH/index.php(55): CodeIgniter\CodeIgniter->run()
ERROR - 2022-08-07 07:34:06 --> Unknown column 'id' in 'where clause'
CRITICAL - 2022-08-07 07:34:06 --> Unknown column 'id' in 'where clause'
in SYSTEMPATH/Database/MySQLi/Connection.php on line 292.
 1 SYSTEMPATH/Database/MySQLi/Connection.php(292): mysqli->query('SELECT *
FROM `person`
WHERE `id` = \'1\'
AND `person`.`id` = \'serial_no\'', 0)
 2 SYSTEMPATH/Database/BaseConnection.php(695): CodeIgniter\Database\MySQLi\Connection->execute('SELECT *
FROM `person`
WHERE `id` = \'1\'
AND `person`.`id` = \'serial_no\'')
 3 SYSTEMPATH/Database/BaseConnection.php(609): CodeIgniter\Database\BaseConnection->simpleQuery('SELECT *
FROM `person`
WHERE `id` = \'1\'
AND `person`.`id` = \'serial_no\'')
 4 SYSTEMPATH/Database/BaseBuilder.php(1585): CodeIgniter\Database\BaseConnection->query('SELECT *
FROM `person`
WHERE `id` = :id:
AND `person`.`id` = :person.id:', [...], false)
 5 SYSTEMPATH/Model.php(181): CodeIgniter\Database\BaseBuilder->get()
 6 SYSTEMPATH/BaseModel.php(523): CodeIgniter\Model->doFind(true, 'serial_no')
 7 APPPATH/Controllers/CIcrud.php(75): CodeIgniter\BaseModel->find('serial_no')
 8 SYSTEMPATH/CodeIgniter.php(896): App\Controllers\CIcrud->edit_data('1')
 9 SYSTEMPATH/CodeIgniter.php(466): CodeIgniter\CodeIgniter->runController(Object(App\Controllers\CIcrud))
10 SYSTEMPATH/CodeIgniter.php(349): CodeIgniter\CodeIgniter->handleRequest(null, Object(Config\Cache), false)
11 FCPATH/index.php(55): CodeIgniter\CodeIgniter->run()
ERROR - 2022-08-07 07:34:12 --> Unknown column 'id' in 'where clause'
CRITICAL - 2022-08-07 07:34:12 --> Unknown column 'id' in 'where clause'
in SYSTEMPATH/Database/MySQLi/Connection.php on line 292.
 1 SYSTEMPATH/Database/MySQLi/Connection.php(292): mysqli->query('SELECT *
FROM `person`
WHERE `id` = \'1\'
AND `person`.`id` = \'serial_no\'', 0)
 2 SYSTEMPATH/Database/BaseConnection.php(695): CodeIgniter\Database\MySQLi\Connection->execute('SELECT *
FROM `person`
WHERE `id` = \'1\'
AND `person`.`id` = \'serial_no\'')
 3 SYSTEMPATH/Database/BaseConnection.php(609): CodeIgniter\Database\BaseConnection->simpleQuery('SELECT *
FROM `person`
WHERE `id` = \'1\'
AND `person`.`id` = \'serial_no\'')
 4 SYSTEMPATH/Database/BaseBuilder.php(1585): CodeIgniter\Database\BaseConnection->query('SELECT *
FROM `person`
WHERE `id` = :id:
AND `person`.`id` = :person.id:', [...], false)
 5 SYSTEMPATH/Model.php(181): CodeIgniter\Database\BaseBuilder->get()
 6 SYSTEMPATH/BaseModel.php(523): CodeIgniter\Model->doFind(true, 'serial_no')
 7 APPPATH/Controllers/CIcrud.php(75): CodeIgniter\BaseModel->find('serial_no')
 8 SYSTEMPATH/CodeIgniter.php(896): App\Controllers\CIcrud->edit_data('1')
 9 SYSTEMPATH/CodeIgniter.php(466): CodeIgniter\CodeIgniter->runController(Object(App\Controllers\CIcrud))
10 SYSTEMPATH/CodeIgniter.php(349): CodeIgniter\CodeIgniter->handleRequest(null, Object(Config\Cache), false)
11 FCPATH/index.php(55): CodeIgniter\CodeIgniter->run()
ERROR - 2022-08-07 07:34:33 --> Unknown column 'person.id' in 'where clause'
CRITICAL - 2022-08-07 07:34:33 --> Unknown column 'person.id' in 'where clause'
in SYSTEMPATH/Database/MySQLi/Connection.php on line 292.
 1 SYSTEMPATH/Database/MySQLi/Connection.php(292): mysqli->query('SELECT *
FROM `person`
WHERE `serial_no` = \'1\'
AND `person`.`id` = \'serial_no\'', 0)
 2 SYSTEMPATH/Database/BaseConnection.php(695): CodeIgniter\Database\MySQLi\Connection->execute('SELECT *
FROM `person`
WHERE `serial_no` = \'1\'
AND `person`.`id` = \'serial_no\'')
 3 SYSTEMPATH/Database/BaseConnection.php(609): CodeIgniter\Database\BaseConnection->simpleQuery('SELECT *
FROM `person`
WHERE `serial_no` = \'1\'
AND `person`.`id` = \'serial_no\'')
 4 SYSTEMPATH/Database/BaseBuilder.php(1585): CodeIgniter\Database\BaseConnection->query('SELECT *
FROM `person`
WHERE `serial_no` = :serial_no:
AND `person`.`id` = :person.id:', [...], false)
 5 SYSTEMPATH/Model.php(181): CodeIgniter\Database\BaseBuilder->get()
 6 SYSTEMPATH/BaseModel.php(523): CodeIgniter\Model->doFind(true, 'serial_no')
 7 APPPATH/Controllers/CIcrud.php(75): CodeIgniter\BaseModel->find('serial_no')
 8 SYSTEMPATH/CodeIgniter.php(896): App\Controllers\CIcrud->edit_data('1')
 9 SYSTEMPATH/CodeIgniter.php(466): CodeIgniter\CodeIgniter->runController(Object(App\Controllers\CIcrud))
10 SYSTEMPATH/CodeIgniter.php(349): CodeIgniter\CodeIgniter->handleRequest(null, Object(Config\Cache), false)
11 FCPATH/index.php(55): CodeIgniter\CodeIgniter->run()
ERROR - 2022-08-07 07:34:37 --> Unknown column 'person.id' in 'where clause'
CRITICAL - 2022-08-07 07:34:37 --> Unknown column 'person.id' in 'where clause'
in SYSTEMPATH/Database/MySQLi/Connection.php on line 292.
 1 SYSTEMPATH/Database/MySQLi/Connection.php(292): mysqli->query('SELECT *
FROM `person`
WHERE `serial_no` = \'1\'
AND `person`.`id` = \'serial_no\'', 0)
 2 SYSTEMPATH/Database/BaseConnection.php(695): CodeIgniter\Database\MySQLi\Connection->execute('SELECT *
FROM `person`
WHERE `serial_no` = \'1\'
AND `person`.`id` = \'serial_no\'')
 3 SYSTEMPATH/Database/BaseConnection.php(609): CodeIgniter\Database\BaseConnection->simpleQuery('SELECT *
FROM `person`
WHERE `serial_no` = \'1\'
AND `person`.`id` = \'serial_no\'')
 4 SYSTEMPATH/Database/BaseBuilder.php(1585): CodeIgniter\Database\BaseConnection->query('SELECT *
FROM `person`
WHERE `serial_no` = :serial_no:
AND `person`.`id` = :person.id:', [...], false)
 5 SYSTEMPATH/Model.php(181): CodeIgniter\Database\BaseBuilder->get()
 6 SYSTEMPATH/BaseModel.php(523): CodeIgniter\Model->doFind(true, 'serial_no')
 7 APPPATH/Controllers/CIcrud.php(75): CodeIgniter\BaseModel->find('serial_no')
 8 SYSTEMPATH/CodeIgniter.php(896): App\Controllers\CIcrud->edit_data('1')
 9 SYSTEMPATH/CodeIgniter.php(466): CodeIgniter\CodeIgniter->runController(Object(App\Controllers\CIcrud))
10 SYSTEMPATH/CodeIgniter.php(349): CodeIgniter\CodeIgniter->handleRequest(null, Object(Config\Cache), false)
11 FCPATH/index.php(55): CodeIgniter\CodeIgniter->run()
CRITICAL - 2022-08-07 08:03:53 --> Undefined variable $p_sex
in APPPATH/Views/pages/edit_data.php on line 40.
 1 APPPATH/Views/pages/edit_data.php(40): CodeIgniter\Debug\Exceptions->errorHandler(2, 'Undefined variable $p_sex', 'APPPATH/Views/pages/edit_data.php', 40)
 2 SYSTEMPATH/View/View.php(213): include('APPPATH/Views/pages/edit_data.php')
 3 SYSTEMPATH/View/View.php(216): CodeIgniter\View\View->CodeIgniter\View\{closure}()
 4 SYSTEMPATH/Common.php(1135): CodeIgniter\View\View->render('pages/edit_data', [], true)
 5 APPPATH/Controllers/CIcrud.php(71): view('pages/edit_data', [...])
 6 SYSTEMPATH/CodeIgniter.php(896): App\Controllers\CIcrud->edit_data('1')
 7 SYSTEMPATH/CodeIgniter.php(466): CodeIgniter\CodeIgniter->runController(Object(App\Controllers\CIcrud))
 8 SYSTEMPATH/CodeIgniter.php(349): CodeIgniter\CodeIgniter->handleRequest(null, Object(Config\Cache), false)
 9 FCPATH/index.php(55): CodeIgniter\CodeIgniter->run()
CRITICAL - 2022-08-07 08:04:36 --> Undefined variable $p_sex
in APPPATH/Views/pages/edit_data.php on line 40.
 1 APPPATH/Views/pages/edit_data.php(40): CodeIgniter\Debug\Exceptions->errorHandler(2, 'Undefined variable $p_sex', 'APPPATH/Views/pages/edit_data.php', 40)
 2 SYSTEMPATH/View/View.php(213): include('APPPATH/Views/pages/edit_data.php')
 3 SYSTEMPATH/View/View.php(216): CodeIgniter\View\View->CodeIgniter\View\{closure}()
 4 SYSTEMPATH/Common.php(1135): CodeIgniter\View\View->render('pages/edit_data', [], true)
 5 APPPATH/Controllers/CIcrud.php(71): view('pages/edit_data', [...])
 6 SYSTEMPATH/CodeIgniter.php(896): App\Controllers\CIcrud->edit_data('1')
 7 SYSTEMPATH/CodeIgniter.php(466): CodeIgniter\CodeIgniter->runController(Object(App\Controllers\CIcrud))
 8 SYSTEMPATH/CodeIgniter.php(349): CodeIgniter\CodeIgniter->handleRequest(null, Object(Config\Cache), false)
 9 FCPATH/index.php(55): CodeIgniter\CodeIgniter->run()
CRITICAL - 2022-08-07 08:04:55 --> Undefined variable $p_sex
in APPPATH/Views/pages/edit_data.php on line 40.
 1 APPPATH/Views/pages/edit_data.php(40): CodeIgniter\Debug\Exceptions->errorHandler(2, 'Undefined variable $p_sex', 'APPPATH/Views/pages/edit_data.php', 40)
 2 SYSTEMPATH/View/View.php(213): include('APPPATH/Views/pages/edit_data.php')
 3 SYSTEMPATH/View/View.php(216): CodeIgniter\View\View->CodeIgniter\View\{closure}()
 4 SYSTEMPATH/Common.php(1135): CodeIgniter\View\View->render('pages/edit_data', [], true)
 5 APPPATH/Controllers/CIcrud.php(71): view('pages/edit_data', [...])
 6 SYSTEMPATH/CodeIgniter.php(896): App\Controllers\CIcrud->edit_data('1')
 7 SYSTEMPATH/CodeIgniter.php(466): CodeIgniter\CodeIgniter->runController(Object(App\Controllers\CIcrud))
 8 SYSTEMPATH/CodeIgniter.php(349): CodeIgniter\CodeIgniter->handleRequest(null, Object(Config\Cache), false)
 9 FCPATH/index.php(55): CodeIgniter\CodeIgniter->run()
CRITICAL - 2022-08-07 08:05:19 --> Undefined variable $p_sex
in APPPATH/Views/pages/edit_data.php on line 40.
 1 APPPATH/Views/pages/edit_data.php(40): CodeIgniter\Debug\Exceptions->errorHandler(2, 'Undefined variable $p_sex', 'APPPATH/Views/pages/edit_data.php', 40)
 2 SYSTEMPATH/View/View.php(213): include('APPPATH/Views/pages/edit_data.php')
 3 SYSTEMPATH/View/View.php(216): CodeIgniter\View\View->CodeIgniter\View\{closure}()
 4 SYSTEMPATH/Common.php(1135): CodeIgniter\View\View->render('pages/edit_data', [], true)
 5 APPPATH/Controllers/CIcrud.php(71): view('pages/edit_data', [...])
 6 SYSTEMPATH/CodeIgniter.php(896): App\Controllers\CIcrud->edit_data('1')
 7 SYSTEMPATH/CodeIgniter.php(466): CodeIgniter\CodeIgniter->runController(Object(App\Controllers\CIcrud))
 8 SYSTEMPATH/CodeIgniter.php(349): CodeIgniter\CodeIgniter->handleRequest(null, Object(Config\Cache), false)
 9 FCPATH/index.php(55): CodeIgniter\CodeIgniter->run()
CRITICAL - 2022-08-07 08:06:15 --> Undefined variable $p_sex
in APPPATH/Views/pages/edit_data.php on line 40.
 1 APPPATH/Views/pages/edit_data.php(40): CodeIgniter\Debug\Exceptions->errorHandler(2, 'Undefined variable $p_sex', 'APPPATH/Views/pages/edit_data.php', 40)
 2 SYSTEMPATH/View/View.php(213): include('APPPATH/Views/pages/edit_data.php')
 3 SYSTEMPATH/View/View.php(216): CodeIgniter\View\View->CodeIgniter\View\{closure}()
 4 SYSTEMPATH/Common.php(1135): CodeIgniter\View\View->render('pages/edit_data', [], true)
 5 APPPATH/Controllers/CIcrud.php(71): view('pages/edit_data', [...])
 6 SYSTEMPATH/CodeIgniter.php(896): App\Controllers\CIcrud->edit_data('1')
 7 SYSTEMPATH/CodeIgniter.php(466): CodeIgniter\CodeIgniter->runController(Object(App\Controllers\CIcrud))
 8 SYSTEMPATH/CodeIgniter.php(349): CodeIgniter\CodeIgniter->handleRequest(null, Object(Config\Cache), false)
 9 FCPATH/index.php(55): CodeIgniter\CodeIgniter->run()
CRITICAL - 2022-08-07 10:52:23 --> Undefined variable $serial_no
in APPPATH/Controllers/CIcrud.php on line 67.
 1 APPPATH/Controllers/CIcrud.php(67): CodeIgniter\Debug\Exceptions->errorHandler(2, 'Undefined variable $serial_no', 'APPPATH/Controllers/CIcrud.php', 67)
 2 SYSTEMPATH/CodeIgniter.php(896): App\Controllers\CIcrud->edit_data('1')
 3 SYSTEMPATH/CodeIgniter.php(466): CodeIgniter\CodeIgniter->runController(Object(App\Controllers\CIcrud))
 4 SYSTEMPATH/CodeIgniter.php(349): CodeIgniter\CodeIgniter->handleRequest(null, Object(Config\Cache), false)
 5 FCPATH/index.php(55): CodeIgniter\CodeIgniter->run()
CRITICAL - 2022-08-07 12:00:15 --> CodeIgniter\Router\RouteCollection::get(): Argument #1 ($from) must be of type string, array given, called in /opt/lampp/htdocs/ci4-crud/app/Config/Routes.php on line 45
in SYSTEMPATH/Router/RouteCollection.php on line 876.
 1 APPPATH/Config/Routes.php(45): CodeIgniter\Router\RouteCollection->get([...], '/view_data', 'CIcrud::view_data')
 2 SYSTEMPATH/CodeIgniter.php(758): require('APPPATH/Config/Routes.php')
 3 SYSTEMPATH/CodeIgniter.php(415): CodeIgniter\CodeIgniter->tryToRouteIt(Object(CodeIgniter\Router\RouteCollection))
 4 SYSTEMPATH/CodeIgniter.php(349): CodeIgniter\CodeIgniter->handleRequest(null, Object(Config\Cache), false)
 5 FCPATH/index.php(55): CodeIgniter\CodeIgniter->run()
CRITICAL - 2022-08-07 12:00:17 --> CodeIgniter\Router\RouteCollection::get(): Argument #1 ($from) must be of type string, array given, called in /opt/lampp/htdocs/ci4-crud/app/Config/Routes.php on line 45
in SYSTEMPATH/Router/RouteCollection.php on line 876.
 1 APPPATH/Config/Routes.php(45): CodeIgniter\Router\RouteCollection->get([...], '/view_data', 'CIcrud::view_data')
 2 SYSTEMPATH/CodeIgniter.php(758): require('APPPATH/Config/Routes.php')
 3 SYSTEMPATH/CodeIgniter.php(415): CodeIgniter\CodeIgniter->tryToRouteIt(Object(CodeIgniter\Router\RouteCollection))
 4 SYSTEMPATH/CodeIgniter.php(349): CodeIgniter\CodeIgniter->handleRequest(null, Object(Config\Cache), false)
 5 FCPATH/index.php(55): CodeIgniter\CodeIgniter->run()
CRITICAL - 2022-08-07 12:00:19 --> CodeIgniter\Router\RouteCollection::get(): Argument #1 ($from) must be of type string, array given, called in /opt/lampp/htdocs/ci4-crud/app/Config/Routes.php on line 45
in SYSTEMPATH/Router/RouteCollection.php on line 876.
 1 APPPATH/Config/Routes.php(45): CodeIgniter\Router\RouteCollection->get([...], '/view_data', 'CIcrud::view_data')
 2 SYSTEMPATH/CodeIgniter.php(758): require('APPPATH/Config/Routes.php')
 3 SYSTEMPATH/CodeIgniter.php(415): CodeIgniter\CodeIgniter->tryToRouteIt(Object(CodeIgniter\Router\RouteCollection))
 4 SYSTEMPATH/CodeIgniter.php(349): CodeIgniter\CodeIgniter->handleRequest(null, Object(Config\Cache), false)
 5 FCPATH/index.php(55): CodeIgniter\CodeIgniter->run()
CRITICAL - 2022-08-07 12:48:44 --> Undefined variable $person
in APPPATH/Views/pages/display_data.php on line 35.
 1 APPPATH/Views/pages/display_data.php(35): CodeIgniter\Debug\Exceptions->errorHandler(2, 'Undefined variable $person', 'APPPATH/Views/pages/display_data.php', 35)
 2 SYSTEMPATH/View/View.php(213): include('APPPATH/Views/pages/display_data.php')
 3 SYSTEMPATH/View/View.php(216): CodeIgniter\View\View->CodeIgniter\View\{closure}()
 4 SYSTEMPATH/Common.php(1135): CodeIgniter\View\View->render('pages/display_data', [], true)
 5 APPPATH/Controllers/CIcrud.php(23): view('pages/display_data')
 6 SYSTEMPATH/CodeIgniter.php(896): App\Controllers\CIcrud->view_data()
 7 SYSTEMPATH/CodeIgniter.php(466): CodeIgniter\CodeIgniter->runController(Object(App\Controllers\CIcrud))
 8 SYSTEMPATH/CodeIgniter.php(349): CodeIgniter\CodeIgniter->handleRequest(null, Object(Config\Cache), false)
 9 FCPATH/index.php(55): CodeIgniter\CodeIgniter->run()
CRITICAL - 2022-08-07 15:26:51 --> There is no data to update.
in SYSTEMPATH/BaseModel.php on line 846.
 1 SYSTEMPATH/BaseModel.php(846): CodeIgniter\Database\Exceptions\DataException::forEmptyDataset('update')
 2 SYSTEMPATH/Model.php(692): CodeIgniter\BaseModel->update(null, [])
 3 APPPATH/Controllers/CIcrud.php(92): CodeIgniter\Model->update(null, [...])
 4 SYSTEMPATH/CodeIgniter.php(896): App\Controllers\CIcrud->update_person()
 5 SYSTEMPATH/CodeIgniter.php(466): CodeIgniter\CodeIgniter->runController(Object(App\Controllers\CIcrud))
 6 SYSTEMPATH/CodeIgniter.php(349): CodeIgniter\CodeIgniter->handleRequest(null, Object(Config\Cache), false)
 7 FCPATH/index.php(55): CodeIgniter\CodeIgniter->run()
CRITICAL - 2022-08-07 15:39:38 --> There is no data to update.
in SYSTEMPATH/BaseModel.php on line 846.
 1 SYSTEMPATH/BaseModel.php(846): CodeIgniter\Database\Exceptions\DataException::forEmptyDataset('update')
 2 SYSTEMPATH/Model.php(692): CodeIgniter\BaseModel->update(null, [])
 3 APPPATH/Controllers/CIcrud.php(88): CodeIgniter\Model->update(null, [...])
 4 SYSTEMPATH/CodeIgniter.php(896): App\Controllers\CIcrud->update_person()
 5 SYSTEMPATH/CodeIgniter.php(466): CodeIgniter\CodeIgniter->runController(Object(App\Controllers\CIcrud))
 6 SYSTEMPATH/CodeIgniter.php(349): CodeIgniter\CodeIgniter->handleRequest(null, Object(Config\Cache), false)
 7 FCPATH/index.php(55): CodeIgniter\CodeIgniter->run()
CRITICAL - 2022-08-07 15:42:15 --> There is no data to update.
in SYSTEMPATH/BaseModel.php on line 846.
 1 SYSTEMPATH/BaseModel.php(846): CodeIgniter\Database\Exceptions\DataException::forEmptyDataset('update')
 2 SYSTEMPATH/Model.php(692): CodeIgniter\BaseModel->update(null, [])
 3 APPPATH/Controllers/CIcrud.php(88): CodeIgniter\Model->update(null, [...])
 4 SYSTEMPATH/CodeIgniter.php(896): App\Controllers\CIcrud->update_person()
 5 SYSTEMPATH/CodeIgniter.php(466): CodeIgniter\CodeIgniter->runController(Object(App\Controllers\CIcrud))
 6 SYSTEMPATH/CodeIgniter.php(349): CodeIgniter\CodeIgniter->handleRequest(null, Object(Config\Cache), false)
 7 FCPATH/index.php(55): CodeIgniter\CodeIgniter->run()
CRITICAL - 2022-08-07 15:44:04 --> There is no data to update.
in SYSTEMPATH/BaseModel.php on line 846.
 1 SYSTEMPATH/BaseModel.php(846): CodeIgniter\Database\Exceptions\DataException::forEmptyDataset('update')
 2 SYSTEMPATH/Model.php(692): CodeIgniter\BaseModel->update(null, [])
 3 APPPATH/Controllers/CIcrud.php(88): CodeIgniter\Model->update(null, [...])
 4 SYSTEMPATH/CodeIgniter.php(896): App\Controllers\CIcrud->update_person()
 5 SYSTEMPATH/CodeIgniter.php(466): CodeIgniter\CodeIgniter->runController(Object(App\Controllers\CIcrud))
 6 SYSTEMPATH/CodeIgniter.php(349): CodeIgniter\CodeIgniter->handleRequest(null, Object(Config\Cache), false)
 7 FCPATH/index.php(55): CodeIgniter\CodeIgniter->run()
CRITICAL - 2022-08-07 15:44:56 --> There is no data to update.
in SYSTEMPATH/BaseModel.php on line 846.
 1 SYSTEMPATH/BaseModel.php(846): CodeIgniter\Database\Exceptions\DataException::forEmptyDataset('update')
 2 SYSTEMPATH/Model.php(692): CodeIgniter\BaseModel->update(null, [])
 3 APPPATH/Controllers/CIcrud.php(88): CodeIgniter\Model->update(null, [...])
 4 SYSTEMPATH/CodeIgniter.php(896): App\Controllers\CIcrud->update_person()
 5 SYSTEMPATH/CodeIgniter.php(466): CodeIgniter\CodeIgniter->runController(Object(App\Controllers\CIcrud))
 6 SYSTEMPATH/CodeIgniter.php(349): CodeIgniter\CodeIgniter->handleRequest(null, Object(Config\Cache), false)
 7 FCPATH/index.php(55): CodeIgniter\CodeIgniter->run()
CRITICAL - 2022-08-07 15:46:39 --> There is no data to insert.
in SYSTEMPATH/BaseModel.php on line 718.
 1 SYSTEMPATH/BaseModel.php(718): CodeIgniter\Database\Exceptions\DataException::forEmptyDataset('insert')
 2 SYSTEMPATH/Model.php(666): CodeIgniter\BaseModel->insert([], false)
 3 SYSTEMPATH/BaseModel.php(658): CodeIgniter\Model->insert([...], false)
 4 APPPATH/Controllers/CIcrud.php(43): CodeIgniter\BaseModel->save([...])
 5 SYSTEMPATH/CodeIgniter.php(896): App\Controllers\CIcrud->add_data()
 6 SYSTEMPATH/CodeIgniter.php(466): CodeIgniter\CodeIgniter->runController(Object(App\Controllers\CIcrud))
 7 SYSTEMPATH/CodeIgniter.php(349): CodeIgniter\CodeIgniter->handleRequest(null, Object(Config\Cache), false)
 8 FCPATH/index.php(55): CodeIgniter\CodeIgniter->run()
ERROR - 2022-08-07 16:05:35 --> Column 'p_name' cannot be null
CRITICAL - 2022-08-07 16:05:35 --> Column 'p_name' cannot be null
in SYSTEMPATH/Database/MySQLi/Connection.php on line 292.
 1 SYSTEMPATH/Database/MySQLi/Connection.php(292): mysqli->query('UPDATE `person` SET `p_name` = NULL, `p_age` = NULL, `p_sex` = NULL, `cell_no` = NULL, `email_id` = NULL', 0)
 2 SYSTEMPATH/Database/BaseConnection.php(695): CodeIgniter\Database\MySQLi\Connection->execute('UPDATE `person` SET `p_name` = NULL, `p_age` = NULL, `p_sex` = NULL, `cell_no` = NULL, `email_id` = NULL')
 3 SYSTEMPATH/Database/BaseConnection.php(609): CodeIgniter\Database\BaseConnection->simpleQuery('UPDATE `person` SET `p_name` = NULL, `p_age` = NULL, `p_sex` = NULL, `cell_no` = NULL, `email_id` = NULL')
 4 SYSTEMPATH/Database/BaseBuilder.php(2046): CodeIgniter\Database\BaseConnection->query('UPDATE `person` SET `p_name` = :p_name:, `p_age` = :p_age:, `p_sex` = :p_sex:, `cell_no` = :cell_no:, `email_id` = :email_id:', [...], false)
 5 SYSTEMPATH/Model.php(337): CodeIgniter\Database\BaseBuilder->update()
 6 SYSTEMPATH/BaseModel.php(865): CodeIgniter\Model->doUpdate(null, [...])
 7 SYSTEMPATH/Model.php(692): CodeIgniter\BaseModel->update(null, [...])
 8 APPPATH/Controllers/CIcrud.php(87): CodeIgniter\Model->update(null, [...])
 9 SYSTEMPATH/CodeIgniter.php(896): App\Controllers\CIcrud->update_person()
10 SYSTEMPATH/CodeIgniter.php(466): CodeIgniter\CodeIgniter->runController(Object(App\Controllers\CIcrud))
11 SYSTEMPATH/CodeIgniter.php(349): CodeIgniter\CodeIgniter->handleRequest(null, Object(Config\Cache), false)
12 FCPATH/index.php(55): CodeIgniter\CodeIgniter->run()
ERROR - 2022-08-07 16:11:18 --> Column 'p_name' cannot be null
CRITICAL - 2022-08-07 16:11:18 --> Column 'p_name' cannot be null
in SYSTEMPATH/Database/MySQLi/Connection.php on line 292.
 1 SYSTEMPATH/Database/MySQLi/Connection.php(292): mysqli->query('INSERT INTO `person` (`p_name`, `p_age`, `p_sex`, `cell_no`, `email_id`) VALUES (NULL, NULL, NULL, NULL, NULL)', 0)
 2 SYSTEMPATH/Database/BaseConnection.php(695): CodeIgniter\Database\MySQLi\Connection->execute('INSERT INTO `person` (`p_name`, `p_age`, `p_sex`, `cell_no`, `email_id`) VALUES (NULL, NULL, NULL, NULL, NULL)')
 3 SYSTEMPATH/Database/BaseConnection.php(609): CodeIgniter\Database\BaseConnection->simpleQuery('INSERT INTO `person` (`p_name`, `p_age`, `p_sex`, `cell_no`, `email_id`) VALUES (NULL, NULL, NULL, NULL, NULL)')
 4 SYSTEMPATH/Database/BaseBuilder.php(1904): CodeIgniter\Database\BaseConnection->query('INSERT INTO `person` (`p_name`, `p_age`, `p_sex`, `cell_no`, `email_id`) VALUES (:p_name:, :p_age:, :p_sex:, :cell_no:, :email_id:)', [...], false)
 5 SYSTEMPATH/Model.php(278): CodeIgniter\Database\BaseBuilder->insert()
 6 SYSTEMPATH/BaseModel.php(738): CodeIgniter\Model->doInsert([...])
 7 SYSTEMPATH/Model.php(666): CodeIgniter\BaseModel->insert([...], false)
 8 SYSTEMPATH/BaseModel.php(658): CodeIgniter\Model->insert([...], false)
 9 APPPATH/Controllers/CIcrud.php(85): CodeIgniter\BaseModel->save([...])
10 SYSTEMPATH/CodeIgniter.php(896): App\Controllers\CIcrud->update_person()
11 SYSTEMPATH/CodeIgniter.php(466): CodeIgniter\CodeIgniter->runController(Object(App\Controllers\CIcrud))
12 SYSTEMPATH/CodeIgniter.php(349): CodeIgniter\CodeIgniter->handleRequest(null, Object(Config\Cache), false)
13 FCPATH/index.php(55): CodeIgniter\CodeIgniter->run()
ERROR - 2022-08-07 16:13:28 --> Column 'p_name' cannot be null
CRITICAL - 2022-08-07 16:13:28 --> Column 'p_name' cannot be null
in SYSTEMPATH/Database/MySQLi/Connection.php on line 292.
 1 SYSTEMPATH/Database/MySQLi/Connection.php(292): mysqli->query('INSERT INTO `person` (`p_name`, `p_age`, `p_sex`, `cell_no`, `email_id`) VALUES (NULL, NULL, NULL, NULL, NULL)', 0)
 2 SYSTEMPATH/Database/BaseConnection.php(695): CodeIgniter\Database\MySQLi\Connection->execute('INSERT INTO `person` (`p_name`, `p_age`, `p_sex`, `cell_no`, `email_id`) VALUES (NULL, NULL, NULL, NULL, NULL)')
 3 SYSTEMPATH/Database/BaseConnection.php(609): CodeIgniter\Database\BaseConnection->simpleQuery('INSERT INTO `person` (`p_name`, `p_age`, `p_sex`, `cell_no`, `email_id`) VALUES (NULL, NULL, NULL, NULL, NULL)')
 4 SYSTEMPATH/Database/BaseBuilder.php(1904): CodeIgniter\Database\BaseConnection->query('INSERT INTO `person` (`p_name`, `p_age`, `p_sex`, `cell_no`, `email_id`) VALUES (:p_name:, :p_age:, :p_sex:, :cell_no:, :email_id:)', [...], false)
 5 SYSTEMPATH/Model.php(278): CodeIgniter\Database\BaseBuilder->insert()
 6 SYSTEMPATH/BaseModel.php(738): CodeIgniter\Model->doInsert([...])
 7 SYSTEMPATH/Model.php(666): CodeIgniter\BaseModel->insert([...], false)
 8 SYSTEMPATH/BaseModel.php(658): CodeIgniter\Model->insert([...], false)
 9 APPPATH/Controllers/CIcrud.php(85): CodeIgniter\BaseModel->save([...])
10 SYSTEMPATH/CodeIgniter.php(896): App\Controllers\CIcrud->update_person()
11 SYSTEMPATH/CodeIgniter.php(466): CodeIgniter\CodeIgniter->runController(Object(App\Controllers\CIcrud))
12 SYSTEMPATH/CodeIgniter.php(349): CodeIgniter\CodeIgniter->handleRequest(null, Object(Config\Cache), false)
13 FCPATH/index.php(55): CodeIgniter\CodeIgniter->run()
ERROR - 2022-08-07 16:13:34 --> Column 'p_name' cannot be null
CRITICAL - 2022-08-07 16:13:34 --> Column 'p_name' cannot be null
in SYSTEMPATH/Database/MySQLi/Connection.php on line 292.
 1 SYSTEMPATH/Database/MySQLi/Connection.php(292): mysqli->query('INSERT INTO `person` (`p_name`, `p_age`, `p_sex`, `cell_no`, `email_id`) VALUES (NULL, NULL, NULL, NULL, NULL)', 0)
 2 SYSTEMPATH/Database/BaseConnection.php(695): CodeIgniter\Database\MySQLi\Connection->execute('INSERT INTO `person` (`p_name`, `p_age`, `p_sex`, `cell_no`, `email_id`) VALUES (NULL, NULL, NULL, NULL, NULL)')
 3 SYSTEMPATH/Database/BaseConnection.php(609): CodeIgniter\Database\BaseConnection->simpleQuery('INSERT INTO `person` (`p_name`, `p_age`, `p_sex`, `cell_no`, `email_id`) VALUES (NULL, NULL, NULL, NULL, NULL)')
 4 SYSTEMPATH/Database/BaseBuilder.php(1904): CodeIgniter\Database\BaseConnection->query('INSERT INTO `person` (`p_name`, `p_age`, `p_sex`, `cell_no`, `email_id`) VALUES (:p_name:, :p_age:, :p_sex:, :cell_no:, :email_id:)', [...], false)
 5 SYSTEMPATH/Model.php(278): CodeIgniter\Database\BaseBuilder->insert()
 6 SYSTEMPATH/BaseModel.php(738): CodeIgniter\Model->doInsert([...])
 7 SYSTEMPATH/Model.php(666): CodeIgniter\BaseModel->insert([...], false)
 8 SYSTEMPATH/BaseModel.php(658): CodeIgniter\Model->insert([...], false)
 9 APPPATH/Controllers/CIcrud.php(85): CodeIgniter\BaseModel->save([...])
10 SYSTEMPATH/CodeIgniter.php(896): App\Controllers\CIcrud->update_person()
11 SYSTEMPATH/CodeIgniter.php(466): CodeIgniter\CodeIgniter->runController(Object(App\Controllers\CIcrud))
12 SYSTEMPATH/CodeIgniter.php(349): CodeIgniter\CodeIgniter->handleRequest(null, Object(Config\Cache), false)
13 FCPATH/index.php(55): CodeIgniter\CodeIgniter->run()
ERROR - 2022-08-07 16:13:37 --> Column 'p_name' cannot be null
CRITICAL - 2022-08-07 16:13:37 --> Column 'p_name' cannot be null
in SYSTEMPATH/Database/MySQLi/Connection.php on line 292.
 1 SYSTEMPATH/Database/MySQLi/Connection.php(292): mysqli->query('INSERT INTO `person` (`p_name`, `p_age`, `p_sex`, `cell_no`, `email_id`) VALUES (NULL, NULL, NULL, NULL, NULL)', 0)
 2 SYSTEMPATH/Database/BaseConnection.php(695): CodeIgniter\Database\MySQLi\Connection->execute('INSERT INTO `person` (`p_name`, `p_age`, `p_sex`, `cell_no`, `email_id`) VALUES (NULL, NULL, NULL, NULL, NULL)')
 3 SYSTEMPATH/Database/BaseConnection.php(609): CodeIgniter\Database\BaseConnection->simpleQuery('INSERT INTO `person` (`p_name`, `p_age`, `p_sex`, `cell_no`, `email_id`) VALUES (NULL, NULL, NULL, NULL, NULL)')
 4 SYSTEMPATH/Database/BaseBuilder.php(1904): CodeIgniter\Database\BaseConnection->query('INSERT INTO `person` (`p_name`, `p_age`, `p_sex`, `cell_no`, `email_id`) VALUES (:p_name:, :p_age:, :p_sex:, :cell_no:, :email_id:)', [...], false)
 5 SYSTEMPATH/Model.php(278): CodeIgniter\Database\BaseBuilder->insert()
 6 SYSTEMPATH/BaseModel.php(738): CodeIgniter\Model->doInsert([...])
 7 SYSTEMPATH/Model.php(666): CodeIgniter\BaseModel->insert([...], false)
 8 SYSTEMPATH/BaseModel.php(658): CodeIgniter\Model->insert([...], false)
 9 APPPATH/Controllers/CIcrud.php(85): CodeIgniter\BaseModel->save([...])
10 SYSTEMPATH/CodeIgniter.php(896): App\Controllers\CIcrud->update_person()
11 SYSTEMPATH/CodeIgniter.php(466): CodeIgniter\CodeIgniter->runController(Object(App\Controllers\CIcrud))
12 SYSTEMPATH/CodeIgniter.php(349): CodeIgniter\CodeIgniter->handleRequest(null, Object(Config\Cache), false)
13 FCPATH/index.php(55): CodeIgniter\CodeIgniter->run()
ERROR - 2022-08-07 16:19:48 --> Column 'p_name' cannot be null
CRITICAL - 2022-08-07 16:19:48 --> Column 'p_name' cannot be null
in SYSTEMPATH/Database/MySQLi/Connection.php on line 292.
 1 SYSTEMPATH/Database/MySQLi/Connection.php(292): mysqli->query('INSERT INTO `person` (`p_name`, `p_age`, `p_sex`, `cell_no`, `email_id`) VALUES (NULL, NULL, NULL, NULL, NULL)', 0)
 2 SYSTEMPATH/Database/BaseConnection.php(695): CodeIgniter\Database\MySQLi\Connection->execute('INSERT INTO `person` (`p_name`, `p_age`, `p_sex`, `cell_no`, `email_id`) VALUES (NULL, NULL, NULL, NULL, NULL)')
 3 SYSTEMPATH/Database/BaseConnection.php(609): CodeIgniter\Database\BaseConnection->simpleQuery('INSERT INTO `person` (`p_name`, `p_age`, `p_sex`, `cell_no`, `email_id`) VALUES (NULL, NULL, NULL, NULL, NULL)')
 4 SYSTEMPATH/Database/BaseBuilder.php(1904): CodeIgniter\Database\BaseConnection->query('INSERT INTO `person` (`p_name`, `p_age`, `p_sex`, `cell_no`, `email_id`) VALUES (:p_name:, :p_age:, :p_sex:, :cell_no:, :email_id:)', [...], false)
 5 SYSTEMPATH/Model.php(278): CodeIgniter\Database\BaseBuilder->insert()
 6 SYSTEMPATH/BaseModel.php(738): CodeIgniter\Model->doInsert([...])
 7 SYSTEMPATH/Model.php(666): CodeIgniter\BaseModel->insert([...], false)
 8 SYSTEMPATH/BaseModel.php(658): CodeIgniter\Model->insert([...], false)
 9 APPPATH/Controllers/CIcrud.php(88): CodeIgniter\BaseModel->save([...])
10 SYSTEMPATH/CodeIgniter.php(896): App\Controllers\CIcrud->update_person()
11 SYSTEMPATH/CodeIgniter.php(466): CodeIgniter\CodeIgniter->runController(Object(App\Controllers\CIcrud))
12 SYSTEMPATH/CodeIgniter.php(349): CodeIgniter\CodeIgniter->handleRequest(null, Object(Config\Cache), false)
13 FCPATH/index.php(55): CodeIgniter\CodeIgniter->run()
ERROR - 2022-08-07 16:26:53 --> Column 'p_name' cannot be null
CRITICAL - 2022-08-07 16:26:53 --> Column 'p_name' cannot be null
in SYSTEMPATH/Database/MySQLi/Connection.php on line 292.
 1 SYSTEMPATH/Database/MySQLi/Connection.php(292): mysqli->query('UPDATE `person` SET `p_name` = NULL, `p_age` = NULL, `p_sex` = NULL, `cell_no` = NULL, `email_id` = NULL', 0)
 2 SYSTEMPATH/Database/BaseConnection.php(695): CodeIgniter\Database\MySQLi\Connection->execute('UPDATE `person` SET `p_name` = NULL, `p_age` = NULL, `p_sex` = NULL, `cell_no` = NULL, `email_id` = NULL')
 3 SYSTEMPATH/Database/BaseConnection.php(609): CodeIgniter\Database\BaseConnection->simpleQuery('UPDATE `person` SET `p_name` = NULL, `p_age` = NULL, `p_sex` = NULL, `cell_no` = NULL, `email_id` = NULL')
 4 SYSTEMPATH/Database/BaseBuilder.php(2046): CodeIgniter\Database\BaseConnection->query('UPDATE `person` SET `p_name` = :p_name:, `p_age` = :p_age:, `p_sex` = :p_sex:, `cell_no` = :cell_no:, `email_id` = :email_id:', [...], false)
 5 SYSTEMPATH/Model.php(337): CodeIgniter\Database\BaseBuilder->update()
 6 SYSTEMPATH/BaseModel.php(865): CodeIgniter\Model->doUpdate(null, [...])
 7 SYSTEMPATH/Model.php(692): CodeIgniter\BaseModel->update(null, [...])
 8 APPPATH/Controllers/CIcrud.php(87): CodeIgniter\Model->update(null, [...])
 9 SYSTEMPATH/CodeIgniter.php(896): App\Controllers\CIcrud->update_person()
10 SYSTEMPATH/CodeIgniter.php(466): CodeIgniter\CodeIgniter->runController(Object(App\Controllers\CIcrud))
11 SYSTEMPATH/CodeIgniter.php(349): CodeIgniter\CodeIgniter->handleRequest(null, Object(Config\Cache), false)
12 FCPATH/index.php(55): CodeIgniter\CodeIgniter->run()
ERROR - 2022-08-07 16:31:13 --> Column 'p_name' cannot be null
CRITICAL - 2022-08-07 16:31:13 --> Column 'p_name' cannot be null
in SYSTEMPATH/Database/MySQLi/Connection.php on line 292.
 1 SYSTEMPATH/Database/MySQLi/Connection.php(292): mysqli->query('UPDATE `person` SET `p_name` = NULL, `p_age` = NULL, `p_sex` = NULL, `cell_no` = NULL, `email_id` = NULL', 0)
 2 SYSTEMPATH/Database/BaseConnection.php(695): CodeIgniter\Database\MySQLi\Connection->execute('UPDATE `person` SET `p_name` = NULL, `p_age` = NULL, `p_sex` = NULL, `cell_no` = NULL, `email_id` = NULL')
 3 SYSTEMPATH/Database/BaseConnection.php(609): CodeIgniter\Database\BaseConnection->simpleQuery('UPDATE `person` SET `p_name` = NULL, `p_age` = NULL, `p_sex` = NULL, `cell_no` = NULL, `email_id` = NULL')
 4 SYSTEMPATH/Database/BaseBuilder.php(2046): CodeIgniter\Database\BaseConnection->query('UPDATE `person` SET `p_name` = :p_name:, `p_age` = :p_age:, `p_sex` = :p_sex:, `cell_no` = :cell_no:, `email_id` = :email_id:', [...], false)
 5 SYSTEMPATH/Model.php(337): CodeIgniter\Database\BaseBuilder->update()
 6 SYSTEMPATH/BaseModel.php(865): CodeIgniter\Model->doUpdate(null, [...])
 7 SYSTEMPATH/Model.php(692): CodeIgniter\BaseModel->update(null, [...])
 8 APPPATH/Controllers/CIcrud.php(87): CodeIgniter\Model->update(null, [...])
 9 SYSTEMPATH/CodeIgniter.php(896): App\Controllers\CIcrud->update_person()
10 SYSTEMPATH/CodeIgniter.php(466): CodeIgniter\CodeIgniter->runController(Object(App\Controllers\CIcrud))
11 SYSTEMPATH/CodeIgniter.php(349): CodeIgniter\CodeIgniter->handleRequest(null, Object(Config\Cache), false)
12 FCPATH/index.php(55): CodeIgniter\CodeIgniter->run()
CRITICAL - 2022-08-07 17:04:42 --> There is no data to update.
in SYSTEMPATH/BaseModel.php on line 1576.
 1 SYSTEMPATH/BaseModel.php(1576): CodeIgniter\Database\Exceptions\DataException::forEmptyDataset('update')
 2 SYSTEMPATH/BaseModel.php(832): CodeIgniter\BaseModel->transformDataToArray(null, 'update')
 3 SYSTEMPATH/Model.php(692): CodeIgniter\BaseModel->update([...], null)
 4 APPPATH/Controllers/CIcrud.php(87): CodeIgniter\Model->update([...])
 5 SYSTEMPATH/CodeIgniter.php(896): App\Controllers\CIcrud->update_person()
 6 SYSTEMPATH/CodeIgniter.php(466): CodeIgniter\CodeIgniter->runController(Object(App\Controllers\CIcrud))
 7 SYSTEMPATH/CodeIgniter.php(349): CodeIgniter\CodeIgniter->handleRequest(null, Object(Config\Cache), false)
 8 FCPATH/index.php(55): CodeIgniter\CodeIgniter->run()
CRITICAL - 2022-08-07 17:05:16 --> There is no data to update.
in SYSTEMPATH/BaseModel.php on line 1576.
 1 SYSTEMPATH/BaseModel.php(1576): CodeIgniter\Database\Exceptions\DataException::forEmptyDataset('update')
 2 SYSTEMPATH/BaseModel.php(832): CodeIgniter\BaseModel->transformDataToArray(null, 'update')
 3 SYSTEMPATH/Model.php(692): CodeIgniter\BaseModel->update([...], null)
 4 APPPATH/Controllers/CIcrud.php(87): CodeIgniter\Model->update([...])
 5 SYSTEMPATH/CodeIgniter.php(896): App\Controllers\CIcrud->update_person()
 6 SYSTEMPATH/CodeIgniter.php(466): CodeIgniter\CodeIgniter->runController(Object(App\Controllers\CIcrud))
 7 SYSTEMPATH/CodeIgniter.php(349): CodeIgniter\CodeIgniter->handleRequest(null, Object(Config\Cache), false)
 8 FCPATH/index.php(55): CodeIgniter\CodeIgniter->run()
CRITICAL - 2022-08-07 17:05:25 --> There is no data to update.
in SYSTEMPATH/BaseModel.php on line 1576.
 1 SYSTEMPATH/BaseModel.php(1576): CodeIgniter\Database\Exceptions\DataException::forEmptyDataset('update')
 2 SYSTEMPATH/BaseModel.php(832): CodeIgniter\BaseModel->transformDataToArray(null, 'update')
 3 SYSTEMPATH/Model.php(692): CodeIgniter\BaseModel->update([...], null)
 4 APPPATH/Controllers/CIcrud.php(87): CodeIgniter\Model->update([...])
 5 SYSTEMPATH/CodeIgniter.php(896): App\Controllers\CIcrud->update_person()
 6 SYSTEMPATH/CodeIgniter.php(466): CodeIgniter\CodeIgniter->runController(Object(App\Controllers\CIcrud))
 7 SYSTEMPATH/CodeIgniter.php(349): CodeIgniter\CodeIgniter->handleRequest(null, Object(Config\Cache), false)
 8 FCPATH/index.php(55): CodeIgniter\CodeIgniter->run()
CRITICAL - 2022-08-07 18:12:09 --> Too few arguments to function App\Controllers\CIcrud::update_person(), 0 passed in /opt/lampp/htdocs/ci4-crud/system/CodeIgniter.php on line 896 and exactly 1 expected
in APPPATH/Controllers/CIcrud.php on line 75.
 1 SYSTEMPATH/CodeIgniter.php(896): App\Controllers\CIcrud->update_person()
 2 SYSTEMPATH/CodeIgniter.php(466): CodeIgniter\CodeIgniter->runController(Object(App\Controllers\CIcrud))
 3 SYSTEMPATH/CodeIgniter.php(349): CodeIgniter\CodeIgniter->handleRequest(null, Object(Config\Cache), false)
 4 FCPATH/index.php(55): CodeIgniter\CodeIgniter->run()
CRITICAL - 2022-08-07 18:27:16 --> Undefined array key "serial_no"
in APPPATH/Controllers/CIcrud.php on line 87.
 1 APPPATH/Controllers/CIcrud.php(87): CodeIgniter\Debug\Exceptions->errorHandler(2, 'Undefined array key "serial_no"', 'APPPATH/Controllers/CIcrud.php', 87)
 2 SYSTEMPATH/CodeIgniter.php(896): App\Controllers\CIcrud->update_person()
 3 SYSTEMPATH/CodeIgniter.php(466): CodeIgniter\CodeIgniter->runController(Object(App\Controllers\CIcrud))
 4 SYSTEMPATH/CodeIgniter.php(349): CodeIgniter\CodeIgniter->handleRequest(null, Object(Config\Cache), false)
 5 FCPATH/index.php(55): CodeIgniter\CodeIgniter->run()
CRITICAL - 2022-08-07 18:41:58 --> Undefined variable $person
in APPPATH/Views/pages/edit_data.php on line 24.
 1 APPPATH/Views/pages/edit_data.php(24): CodeIgniter\Debug\Exceptions->errorHandler(2, 'Undefined variable $person', 'APPPATH/Views/pages/edit_data.php', 24)
 2 SYSTEMPATH/View/View.php(213): include('APPPATH/Views/pages/edit_data.php')
 3 SYSTEMPATH/View/View.php(216): CodeIgniter\View\View->CodeIgniter\View\{closure}()
 4 SYSTEMPATH/Common.php(1135): CodeIgniter\View\View->render('pages/edit_data', [], true)
 5 APPPATH/Controllers/CIcrud.php(94): view('pages/edit_data', [...])
 6 SYSTEMPATH/CodeIgniter.php(896): App\Controllers\CIcrud->update_person()
 7 SYSTEMPATH/CodeIgniter.php(466): CodeIgniter\CodeIgniter->runController(Object(App\Controllers\CIcrud))
 8 SYSTEMPATH/CodeIgniter.php(349): CodeIgniter\CodeIgniter->handleRequest(null, Object(Config\Cache), false)
 9 FCPATH/index.php(55): CodeIgniter\CodeIgniter->run()
CRITICAL - 2022-08-07 18:42:13 --> Undefined variable $person
in APPPATH/Views/pages/edit_data.php on line 24.
 1 APPPATH/Views/pages/edit_data.php(24): CodeIgniter\Debug\Exceptions->errorHandler(2, 'Undefined variable $person', 'APPPATH/Views/pages/edit_data.php', 24)
 2 SYSTEMPATH/View/View.php(213): include('APPPATH/Views/pages/edit_data.php')
 3 SYSTEMPATH/View/View.php(216): CodeIgniter\View\View->CodeIgniter\View\{closure}()
 4 SYSTEMPATH/Common.php(1135): CodeIgniter\View\View->render('pages/edit_data', [], true)
 5 APPPATH/Controllers/CIcrud.php(94): view('pages/edit_data', [...])
 6 SYSTEMPATH/CodeIgniter.php(896): App\Controllers\CIcrud->update_person()
 7 SYSTEMPATH/CodeIgniter.php(466): CodeIgniter\CodeIgniter->runController(Object(App\Controllers\CIcrud))
 8 SYSTEMPATH/CodeIgniter.php(349): CodeIgniter\CodeIgniter->handleRequest(null, Object(Config\Cache), false)
 9 FCPATH/index.php(55): CodeIgniter\CodeIgniter->run()
