CRITICAL - 2022-07-26 08:58:37 --> Undefined variable $news_item
in APPPATH/Views/pages/display_data.php on line 36.
 1 APPPATH/Views/pages/display_data.php(36): CodeIgniter\Debug\Exceptions->errorHandler(2, 'Undefined variable $news_item', 'APPPATH/Views/pages/display_data.php', 36)
 2 SYSTEMPATH/View/View.php(213): include('APPPATH/Views/pages/display_data.php')
 3 SYSTEMPATH/View/View.php(216): CodeIgniter\View\View->CodeIgniter\View\{closure}()
 4 SYSTEMPATH/Common.php(1135): CodeIgniter\View\View->render('pages/display_data', [], true)
 5 APPPATH/Controllers/CIcrud.php(24): view('pages/display_data', [...])
 6 SYSTEMPATH/CodeIgniter.php(896): App\Controllers\CIcrud->view_data()
 7 SYSTEMPATH/CodeIgniter.php(466): CodeIgniter\CodeIgniter->runController(Object(App\Controllers\CIcrud))
 8 SYSTEMPATH/CodeIgniter.php(349): CodeIgniter\CodeIgniter->handleRequest(null, Object(Config\Cache), false)
 9 FCPATH/index.php(55): CodeIgniter\CodeIgniter->run()
CRITICAL - 2022-07-26 09:00:43 --> Undefined array key "email_no"
in APPPATH/Views/pages/display_data.php on line 38.
 1 APPPATH/Views/pages/display_data.php(38): CodeIgniter\Debug\Exceptions->errorHandler(2, 'Undefined array key "email_no"', 'APPPATH/Views/pages/display_data.php', 38)
 2 SYSTEMPATH/View/View.php(213): include('APPPATH/Views/pages/display_data.php')
 3 SYSTEMPATH/View/View.php(216): CodeIgniter\View\View->CodeIgniter\View\{closure}()
 4 SYSTEMPATH/Common.php(1135): CodeIgniter\View\View->render('pages/display_data', [], true)
 5 APPPATH/Controllers/CIcrud.php(24): view('pages/display_data', [...])
 6 SYSTEMPATH/CodeIgniter.php(896): App\Controllers\CIcrud->view_data()
 7 SYSTEMPATH/CodeIgniter.php(466): CodeIgniter\CodeIgniter->runController(Object(App\Controllers\CIcrud))
 8 SYSTEMPATH/CodeIgniter.php(349): CodeIgniter\CodeIgniter->handleRequest(null, Object(Config\Cache), false)
 9 FCPATH/index.php(55): CodeIgniter\CodeIgniter->run()
